<?xml version="1.0" encoding="UTF-8"?>
<testng-results total="1" passed="1" failed="0" skipped="0">
  <reporter-output>
  </reporter-output>
  <suite started-at="2021-04-05T18:23:35Z" name="Suite" finished-at="2021-04-05T18:23:41Z" duration-ms="5533">
    <groups>
    </groups>
    <test started-at="2021-04-05T18:23:35Z" name="Test" finished-at="2021-04-05T18:23:41Z" duration-ms="5533">
      <class name="com.happyPath.testcases.LoginPageTest">
        <test-method is-config="true" signature="SetUp()[pri:0, instance:com.happyPath.testcases.LoginPageTest@77f1baf5]" started-at="2021-04-05T23:53:35Z" name="SetUp" finished-at="2021-04-05T23:53:39Z" duration-ms="3824" status="PASS">
          <reporter-output>
          </reporter-output>
        </test-method> <!-- SetUp -->
        <test-method signature="LoginSuccessTest()[pri:0, instance:com.happyPath.testcases.LoginPageTest@77f1baf5]" started-at="2021-04-05T23:53:39Z" name="LoginSuccessTest" finished-at="2021-04-05T23:53:39Z" duration-ms="318" status="PASS">
          <reporter-output>
          </reporter-output>
        </test-method> <!-- LoginSuccessTest -->
        <test-method is-config="true" signature="tearDown()[pri:0, instance:com.happyPath.testcases.LoginPageTest@77f1baf5]" started-at="2021-04-05T23:53:39Z" name="tearDown" finished-at="2021-04-05T23:53:41Z" duration-ms="1383" status="PASS">
          <reporter-output>
          </reporter-output>
        </test-method> <!-- tearDown -->
      </class> <!-- com.happyPath.testcases.LoginPageTest -->
    </test> <!-- Test -->
  </suite> <!-- Suite -->
</testng-results>
