<?xml version="1.0" encoding="UTF-8"?>
<testng-results total="2" passed="2" failed="0" skipped="0">
  <reporter-output>
  </reporter-output>
  <suite started-at="2021-04-06T06:47:38Z" name="Suite" finished-at="2021-04-06T06:47:48Z" duration-ms="9960">
    <groups>
    </groups>
    <test started-at="2021-04-06T06:47:38Z" name="Test" finished-at="2021-04-06T06:47:48Z" duration-ms="9960">
      <class name="com.happyPath.testcases.LoginPageTest">
        <test-method is-config="true" signature="SetUp()[pri:0, instance:com.happyPath.testcases.LoginPageTest@43c1b556]" started-at="2021-04-06T12:17:38Z" name="SetUp" finished-at="2021-04-06T12:17:43Z" duration-ms="5543" status="PASS">
          <reporter-output>
          </reporter-output>
        </test-method> <!-- SetUp -->
        <test-method signature="LoginSuccessTest()[pri:0, instance:com.happyPath.testcases.LoginPageTest@43c1b556]" started-at="2021-04-06T12:17:43Z" name="LoginSuccessTest" finished-at="2021-04-06T12:17:43Z" duration-ms="364" status="PASS">
          <reporter-output>
          </reporter-output>
        </test-method> <!-- LoginSuccessTest -->
        <test-method is-config="true" signature="tearDown()[pri:0, instance:com.happyPath.testcases.LoginPageTest@43c1b556]" started-at="2021-04-06T12:17:43Z" name="tearDown" finished-at="2021-04-06T12:17:44Z" duration-ms="629" status="PASS">
          <reporter-output>
          </reporter-output>
        </test-method> <!-- tearDown -->
        <test-method is-config="true" signature="SetUp()[pri:0, instance:com.happyPath.testcases.LoginPageTest@43c1b556]" started-at="2021-04-06T12:17:44Z" name="SetUp" finished-at="2021-04-06T12:17:46Z" duration-ms="2349" status="PASS">
          <reporter-output>
          </reporter-output>
        </test-method> <!-- SetUp -->
        <test-method signature="testMesssage()[pri:1, instance:com.happyPath.testcases.LoginPageTest@43c1b556]" started-at="2021-04-06T12:17:46Z" name="testMesssage" finished-at="2021-04-06T12:17:47Z" duration-ms="466" status="PASS">
          <reporter-output>
          </reporter-output>
        </test-method> <!-- testMesssage -->
        <test-method is-config="true" signature="tearDown()[pri:0, instance:com.happyPath.testcases.LoginPageTest@43c1b556]" started-at="2021-04-06T12:17:47Z" name="tearDown" finished-at="2021-04-06T12:17:48Z" duration-ms="600" status="PASS">
          <reporter-output>
          </reporter-output>
        </test-method> <!-- tearDown -->
      </class> <!-- com.happyPath.testcases.LoginPageTest -->
    </test> <!-- Test -->
  </suite> <!-- Suite -->
</testng-results>
