<?xml version="1.0" encoding="UTF-8"?>
<testng-results ignored="0" total="1" passed="1" failed="0" skipped="0">
  <reporter-output>
  </reporter-output>
  <suite started-at="2021-04-04T12:59:26 IST" name="Suite" finished-at="2021-04-04T12:59:31 IST" duration-ms="5380">
    <groups>
    </groups>
    <test started-at="2021-04-04T12:59:26 IST" name="Test" finished-at="2021-04-04T12:59:31 IST" duration-ms="5380">
      <class name="com.happyPath.testcases.LoginPageTest">
        <test-method is-config="true" signature="SetUp()[pri:0, instance:com.happyPath.testcases.LoginPageTest@7690781]" started-at="2021-04-04T12:59:26 IST" name="SetUp" finished-at="2021-04-04T12:59:30 IST" duration-ms="4241" status="PASS">
          <reporter-output>
          </reporter-output>
        </test-method> <!-- SetUp -->
        <test-method signature="LoginSuccessTest()[pri:0, instance:com.happyPath.testcases.LoginPageTest@7690781]" started-at="2021-04-04T12:59:30 IST" name="LoginSuccessTest" finished-at="2021-04-04T12:59:30 IST" duration-ms="400" status="PASS">
          <reporter-output>
          </reporter-output>
        </test-method> <!-- LoginSuccessTest -->
        <test-method is-config="true" signature="tearDown()[pri:0, instance:com.happyPath.testcases.LoginPageTest@7690781]" started-at="2021-04-04T12:59:30 IST" name="tearDown" finished-at="2021-04-04T12:59:31 IST" duration-ms="690" status="PASS">
          <reporter-output>
          </reporter-output>
        </test-method> <!-- tearDown -->
      </class> <!-- com.happyPath.testcases.LoginPageTest -->
    </test> <!-- Test -->
  </suite> <!-- Suite -->
</testng-results>
